current directory: /Volumes/MacintoshEDD/workspace/PERSONAL/fruizg0302.github.io/.bundle/bundle/ruby/3.2.0/gems/json-2.18.1/ext/json/ext/parser
/Users/fernandoruizguzman/.local/share/mise/installs/ruby/3.2.0/bin/ruby extconf.rb
checking for rb_enc_interned_str() in ruby/encoding.h... yes
checking for rb_str_to_interned_str() in ruby.h... yes
checking for rb_hash_new_capa() in ruby.h... yes
checking for rb_hash_bulk_insert() in ruby.h... yes
checking for whether -std=c99 is accepted as CFLAGS... yes
checking for arm_neon.h... yes
checking for cpuid.h... no
creating Makefile

current directory: /Volumes/MacintoshEDD/workspace/PERSONAL/fruizg0302.github.io/.bundle/bundle/ruby/3.2.0/gems/json-2.18.1/ext/json/ext/parser
make DESTDIR\= sitearchdir\=./.gem.20260206-62432-uavht5 sitelibdir\=./.gem.20260206-62432-uavht5 clean

current directory: /Volumes/MacintoshEDD/workspace/PERSONAL/fruizg0302.github.io/.bundle/bundle/ruby/3.2.0/gems/json-2.18.1/ext/json/ext/parser
make DESTDIR\= sitearchdir\=./.gem.20260206-62432-uavht5 sitelibdir\=./.gem.20260206-62432-uavht5
compiling parser.c
linking shared-object json/ext/parser.bundle
ld: warning: ignoring duplicate libraries: '-lruby.3.2'

current directory: /Volumes/MacintoshEDD/workspace/PERSONAL/fruizg0302.github.io/.bundle/bundle/ruby/3.2.0/gems/json-2.18.1/ext/json/ext/parser
make DESTDIR\= sitearchdir\=./.gem.20260206-62432-uavht5 sitelibdir\=./.gem.20260206-62432-uavht5 install
/usr/bin/install -c -m 0755 parser.bundle ./.gem.20260206-62432-uavht5/json/ext

current directory: /Volumes/MacintoshEDD/workspace/PERSONAL/fruizg0302.github.io/.bundle/bundle/ruby/3.2.0/gems/json-2.18.1/ext/json/ext/parser
make DESTDIR\= sitearchdir\=./.gem.20260206-62432-uavht5 sitelibdir\=./.gem.20260206-62432-uavht5 clean
