current directory: /Volumes/MacintoshEDD/workspace/PERSONAL/fruizg0302.github.io/.bundle/bundle/ruby/3.2.0/gems/http_parser.rb-0.8.1/ext/ruby_http_parser
/Users/fernandoruizguzman/.local/share/mise/installs/ruby/3.2.0/bin/ruby extconf.rb
creating Makefile

current directory: /Volumes/MacintoshEDD/workspace/PERSONAL/fruizg0302.github.io/.bundle/bundle/ruby/3.2.0/gems/http_parser.rb-0.8.1/ext/ruby_http_parser
make DESTDIR\= sitearchdir\=./.gem.20260206-62432-hr26nn sitelibdir\=./.gem.20260206-62432-hr26nn clean

current directory: /Volumes/MacintoshEDD/workspace/PERSONAL/fruizg0302.github.io/.bundle/bundle/ruby/3.2.0/gems/http_parser.rb-0.8.1/ext/ruby_http_parser
make DESTDIR\= sitearchdir\=./.gem.20260206-62432-hr26nn sitelibdir\=./.gem.20260206-62432-hr26nn
compiling ruby_http_parser.c
ruby_http_parser.c:373:17: warning: comparison of integers of different signs: 'size_t' (aka 'unsigned long') and 'long' [-Wsign-compare]
  373 |     if (nparsed < len)
      |         ~~~~~~~ ^ ~~~
1 warning generated.
compiling ryah_http_parser.c
linking shared-object ruby_http_parser.bundle
ld: warning: ignoring duplicate libraries: '-lruby.3.2'

current directory: /Volumes/MacintoshEDD/workspace/PERSONAL/fruizg0302.github.io/.bundle/bundle/ruby/3.2.0/gems/http_parser.rb-0.8.1/ext/ruby_http_parser
make DESTDIR\= sitearchdir\=./.gem.20260206-62432-hr26nn sitelibdir\=./.gem.20260206-62432-hr26nn install
/usr/bin/install -c -m 0755 ruby_http_parser.bundle ./.gem.20260206-62432-hr26nn

current directory: /Volumes/MacintoshEDD/workspace/PERSONAL/fruizg0302.github.io/.bundle/bundle/ruby/3.2.0/gems/http_parser.rb-0.8.1/ext/ruby_http_parser
make DESTDIR\= sitearchdir\=./.gem.20260206-62432-hr26nn sitelibdir\=./.gem.20260206-62432-hr26nn clean
